app/build/intermediates/manifest_merge_blame_file/debug/manifest-merger-blame-debug-report.txt
1<?xml version="1.0" encoding="utf-8"?>
2<manifest xmlns:android="http://schemas.android.com/apk/res/android"
3    package="com.example.plant_disease_detection"
4    android:versionCode="1"
5    android:versionName="1.0" >
6
7    <uses-sdk
8        android:minSdkVersion="24"
9        android:targetSdkVersion="34" />
10
11    <!-- Camera permission -->
12    <uses-permission android:name="android.permission.CAMERA" />
12-->src\main\AndroidManifest.xml:6:5-65
12-->src\main\AndroidManifest.xml:6:22-62
13
14    <uses-feature android:name="android.hardware.camera" />
14-->src\main\AndroidManifest.xml:7:5-60
14-->src\main\AndroidManifest.xml:7:19-57
15
16    <!-- Storage permissions -->
17    <uses-permission
17-->src\main\AndroidManifest.xml:10:5-11:38
18        android:name="android.permission.WRITE_EXTERNAL_STORAGE"
18-->src\main\AndroidManifest.xml:10:22-78
19        android:maxSdkVersion="28" />
19-->src\main\AndroidManifest.xml:11:9-35
20    <uses-permission
20-->src\main\AndroidManifest.xml:12:5-13:38
21        android:name="android.permission.READ_EXTERNAL_STORAGE"
21-->src\main\AndroidManifest.xml:12:22-77
22        android:maxSdkVersion="32" />
22-->src\main\AndroidManifest.xml:13:9-35
23    <uses-permission android:name="android.permission.READ_MEDIA_IMAGES" />
23-->src\main\AndroidManifest.xml:14:5-76
23-->src\main\AndroidManifest.xml:14:22-73
24    <uses-permission android:name="android.permission.INTERNET" />
24-->src\main\AndroidManifest.xml:16:5-67
24-->src\main\AndroidManifest.xml:16:22-64
25
26    <permission
26-->[androidx.core:core:1.12.0] AndroidManifest.xml:22:5-24:47
27        android:name="com.example.plant_disease_detection.DYNAMIC_RECEIVER_NOT_EXPORTED_PERMISSION"
27-->[androidx.core:core:1.12.0] AndroidManifest.xml:23:9-81
28        android:protectionLevel="signature" />
28-->[androidx.core:core:1.12.0] AndroidManifest.xml:24:9-44
29
30    <uses-permission android:name="com.example.plant_disease_detection.DYNAMIC_RECEIVER_NOT_EXPORTED_PERMISSION" />
30-->[androidx.core:core:1.12.0] AndroidManifest.xml:26:5-97
30-->[androidx.core:core:1.12.0] AndroidManifest.xml:26:22-94
31
32    <application
32-->src\main\AndroidManifest.xml:18:5-61:19
33        android:name="com.example.plant_disease_detection.PlantGuardApplication"
33-->src\main\AndroidManifest.xml:19:9-46
34        android:allowBackup="true"
34-->src\main\AndroidManifest.xml:20:9-35
35        android:appComponentFactory="androidx.core.app.CoreComponentFactory"
35-->[androidx.core:core:1.12.0] AndroidManifest.xml:28:18-86
36        android:debuggable="true"
37        android:extractNativeLibs="false"
38        android:icon="@mipmap/ic_launcher"
38-->src\main\AndroidManifest.xml:21:9-43
39        android:label="@string/app_name"
39-->src\main\AndroidManifest.xml:22:9-41
40        android:roundIcon="@mipmap/ic_launcher_round"
40-->src\main\AndroidManifest.xml:23:9-54
41        android:supportsRtl="true"
41-->src\main\AndroidManifest.xml:24:9-35
42        android:theme="@style/Theme.PlantDiseaseDetection" >
42-->src\main\AndroidManifest.xml:25:9-59
43        <activity
43-->src\main\AndroidManifest.xml:27:9-34:20
44            android:name="com.example.plant_disease_detection.HomeActivity"
44-->src\main\AndroidManifest.xml:28:13-41
45            android:exported="true" >
45-->src\main\AndroidManifest.xml:29:13-36
46            <intent-filter>
46-->src\main\AndroidManifest.xml:30:13-33:29
47                <action android:name="android.intent.action.MAIN" />
47-->src\main\AndroidManifest.xml:31:17-69
47-->src\main\AndroidManifest.xml:31:25-66
48
49                <category android:name="android.intent.category.LAUNCHER" />
49-->src\main\AndroidManifest.xml:32:17-77
49-->src\main\AndroidManifest.xml:32:27-74
50            </intent-filter>
51        </activity>
52        <activity
52-->src\main\AndroidManifest.xml:36:9-38:40
53            android:name="com.example.plant_disease_detection.MainActivity"
53-->src\main\AndroidManifest.xml:37:13-41
54            android:exported="false" />
54-->src\main\AndroidManifest.xml:38:13-37
55        <activity
55-->src\main\AndroidManifest.xml:40:9-43:78
56            android:name="com.example.plant_disease_detection.CameraActivity"
56-->src\main\AndroidManifest.xml:41:13-43
57            android:exported="false"
57-->src\main\AndroidManifest.xml:42:13-37
58            android:theme="@style/Theme.PlantDiseaseDetection.NoActionBar" />
58-->src\main\AndroidManifest.xml:43:13-75
59        <activity
59-->src\main\AndroidManifest.xml:45:9-47:40
60            android:name="com.example.plant_disease_detection.DetectionActivity"
60-->src\main\AndroidManifest.xml:46:13-46
61            android:exported="false" />
61-->src\main\AndroidManifest.xml:47:13-37
62        <activity
62-->src\main\AndroidManifest.xml:49:9-51:40
63            android:name="com.example.plant_disease_detection.LoginActivity"
63-->src\main\AndroidManifest.xml:50:13-42
64            android:exported="false" />
64-->src\main\AndroidManifest.xml:51:13-37
65        <activity
65-->src\main\AndroidManifest.xml:53:9-55:40
66            android:name="com.example.plant_disease_detection.SignupActivity"
66-->src\main\AndroidManifest.xml:54:13-43
67            android:exported="false" />
67-->src\main\AndroidManifest.xml:55:13-37
68        <activity
68-->src\main\AndroidManifest.xml:57:9-59:40
69            android:name="com.example.plant_disease_detection.AdminActivity"
69-->src\main\AndroidManifest.xml:58:13-42
70            android:exported="false" />
70-->src\main\AndroidManifest.xml:59:13-37
71
72        <service
72-->[androidx.camera:camera-camera2:1.3.1] AndroidManifest.xml:24:9-33:19
73            android:name="androidx.camera.core.impl.MetadataHolderService"
73-->[androidx.camera:camera-camera2:1.3.1] AndroidManifest.xml:25:13-75
74            android:enabled="false"
74-->[androidx.camera:camera-camera2:1.3.1] AndroidManifest.xml:26:13-36
75            android:exported="false" >
75-->[androidx.camera:camera-camera2:1.3.1] AndroidManifest.xml:27:13-37
76            <meta-data
76-->[androidx.camera:camera-camera2:1.3.1] AndroidManifest.xml:30:13-32:89
77                android:name="androidx.camera.core.impl.MetadataHolderService.DEFAULT_CONFIG_PROVIDER"
77-->[androidx.camera:camera-camera2:1.3.1] AndroidManifest.xml:31:17-103
78                android:value="androidx.camera.camera2.Camera2Config$DefaultProvider" />
78-->[androidx.camera:camera-camera2:1.3.1] AndroidManifest.xml:32:17-86
79        </service>
80
81        <provider
81-->[androidx.emoji2:emoji2:1.2.0] AndroidManifest.xml:24:9-32:20
82            android:name="androidx.startup.InitializationProvider"
82-->[androidx.emoji2:emoji2:1.2.0] AndroidManifest.xml:25:13-67
83            android:authorities="com.example.plant_disease_detection.androidx-startup"
83-->[androidx.emoji2:emoji2:1.2.0] AndroidManifest.xml:26:13-68
84            android:exported="false" >
84-->[androidx.emoji2:emoji2:1.2.0] AndroidManifest.xml:27:13-37
85            <meta-data
85-->[androidx.emoji2:emoji2:1.2.0] AndroidManifest.xml:29:13-31:52
86                android:name="androidx.emoji2.text.EmojiCompatInitializer"
86-->[androidx.emoji2:emoji2:1.2.0] AndroidManifest.xml:30:17-75
87                android:value="androidx.startup" />
87-->[androidx.emoji2:emoji2:1.2.0] AndroidManifest.xml:31:17-49
88            <meta-data
88-->[androidx.lifecycle:lifecycle-process:2.7.0] AndroidManifest.xml:29:13-31:52
89                android:name="androidx.lifecycle.ProcessLifecycleInitializer"
89-->[androidx.lifecycle:lifecycle-process:2.7.0] AndroidManifest.xml:30:17-78
90                android:value="androidx.startup" />
90-->[androidx.lifecycle:lifecycle-process:2.7.0] AndroidManifest.xml:31:17-49
91            <meta-data
91-->[androidx.profileinstaller:profileinstaller:1.3.0] AndroidManifest.xml:29:13-31:52
92                android:name="androidx.profileinstaller.ProfileInstallerInitializer"
92-->[androidx.profileinstaller:profileinstaller:1.3.0] AndroidManifest.xml:30:17-85
93                android:value="androidx.startup" />
93-->[androidx.profileinstaller:profileinstaller:1.3.0] AndroidManifest.xml:31:17-49
94        </provider>
95
96        <activity
96-->[com.google.android.gms:play-services-auth:21.0.0] AndroidManifest.xml:23:9-27:75
97            android:name="com.google.android.gms.auth.api.signin.internal.SignInHubActivity"
97-->[com.google.android.gms:play-services-auth:21.0.0] AndroidManifest.xml:24:13-93
98            android:excludeFromRecents="true"
98-->[com.google.android.gms:play-services-auth:21.0.0] AndroidManifest.xml:25:13-46
99            android:exported="false"
99-->[com.google.android.gms:play-services-auth:21.0.0] AndroidManifest.xml:26:13-37
100            android:theme="@android:style/Theme.Translucent.NoTitleBar" />
100-->[com.google.android.gms:play-services-auth:21.0.0] AndroidManifest.xml:27:13-72
101        <!--
102            Service handling Google Sign-In user revocation. For apps that do not integrate with
103            Google Sign-In, this service will never be started.
104        -->
105        <service
105-->[com.google.android.gms:play-services-auth:21.0.0] AndroidManifest.xml:33:9-37:51
106            android:name="com.google.android.gms.auth.api.signin.RevocationBoundService"
106-->[com.google.android.gms:play-services-auth:21.0.0] AndroidManifest.xml:34:13-89
107            android:exported="true"
107-->[com.google.android.gms:play-services-auth:21.0.0] AndroidManifest.xml:35:13-36
108            android:permission="com.google.android.gms.auth.api.signin.permission.REVOCATION_NOTIFICATION"
108-->[com.google.android.gms:play-services-auth:21.0.0] AndroidManifest.xml:36:13-107
109            android:visibleToInstantApps="true" />
109-->[com.google.android.gms:play-services-auth:21.0.0] AndroidManifest.xml:37:13-48
110
111        <activity
111-->[com.google.android.gms:play-services-base:18.0.1] AndroidManifest.xml:20:9-22:45
112            android:name="com.google.android.gms.common.api.GoogleApiActivity"
112-->[com.google.android.gms:play-services-base:18.0.1] AndroidManifest.xml:20:19-85
113            android:exported="false"
113-->[com.google.android.gms:play-services-base:18.0.1] AndroidManifest.xml:22:19-43
114            android:theme="@android:style/Theme.Translucent.NoTitleBar" />
114-->[com.google.android.gms:play-services-base:18.0.1] AndroidManifest.xml:21:19-78
115
116        <meta-data
116-->[com.google.android.gms:play-services-basement:18.2.0] AndroidManifest.xml:21:9-23:69
117            android:name="com.google.android.gms.version"
117-->[com.google.android.gms:play-services-basement:18.2.0] AndroidManifest.xml:22:13-58
118            android:value="@integer/google_play_services_version" />
118-->[com.google.android.gms:play-services-basement:18.2.0] AndroidManifest.xml:23:13-66
119
120        <receiver
120-->[androidx.profileinstaller:profileinstaller:1.3.0] AndroidManifest.xml:34:9-52:20
121            android:name="androidx.profileinstaller.ProfileInstallReceiver"
121-->[androidx.profileinstaller:profileinstaller:1.3.0] AndroidManifest.xml:35:13-76
122            android:directBootAware="false"
122-->[androidx.profileinstaller:profileinstaller:1.3.0] AndroidManifest.xml:36:13-44
123            android:enabled="true"
123-->[androidx.profileinstaller:profileinstaller:1.3.0] AndroidManifest.xml:37:13-35
124            android:exported="true"
124-->[androidx.profileinstaller:profileinstaller:1.3.0] AndroidManifest.xml:38:13-36
125            android:permission="android.permission.DUMP" >
125-->[androidx.profileinstaller:profileinstaller:1.3.0] AndroidManifest.xml:39:13-57
126            <intent-filter>
126-->[androidx.profileinstaller:profileinstaller:1.3.0] AndroidManifest.xml:40:13-42:29
127                <action android:name="androidx.profileinstaller.action.INSTALL_PROFILE" />
127-->[androidx.profileinstaller:profileinstaller:1.3.0] AndroidManifest.xml:41:17-91
127-->[androidx.profileinstaller:profileinstaller:1.3.0] AndroidManifest.xml:41:25-88
128            </intent-filter>
129            <intent-filter>
129-->[androidx.profileinstaller:profileinstaller:1.3.0] AndroidManifest.xml:43:13-45:29
130                <action android:name="androidx.profileinstaller.action.SKIP_FILE" />
130-->[androidx.profileinstaller:profileinstaller:1.3.0] AndroidManifest.xml:44:17-85
130-->[androidx.profileinstaller:profileinstaller:1.3.0] AndroidManifest.xml:44:25-82
131            </intent-filter>
132            <intent-filter>
132-->[androidx.profileinstaller:profileinstaller:1.3.0] AndroidManifest.xml:46:13-48:29
133                <action android:name="androidx.profileinstaller.action.SAVE_PROFILE" />
133-->[androidx.profileinstaller:profileinstaller:1.3.0] AndroidManifest.xml:47:17-88
133-->[androidx.profileinstaller:profileinstaller:1.3.0] AndroidManifest.xml:47:25-85
134            </intent-filter>
135            <intent-filter>
135-->[androidx.profileinstaller:profileinstaller:1.3.0] AndroidManifest.xml:49:13-51:29
136                <action android:name="androidx.profileinstaller.action.BENCHMARK_OPERATION" />
136-->[androidx.profileinstaller:profileinstaller:1.3.0] AndroidManifest.xml:50:17-95
136-->[androidx.profileinstaller:profileinstaller:1.3.0] AndroidManifest.xml:50:25-92
137            </intent-filter>
138        </receiver>
139    </application>
140
141</manifest>